# JRE version: OpenJDK Runtime Environment (8.0_152-b01) (build 1.8.0_152-release-1343-b01)
# Java VM: OpenJDK 64-Bit Server VM (25.152-b01 mixed mode windows-amd64 compressed oops)
Heap:
 PSYoungGen      total 217600K, used 99232K [0x00000000e0000000, 0x00000000eff80000, 0x0000000100000000)
  eden space 187392K, 36% used [0x00000000e0000000,0x00000000e436b9b8,0x00000000eb700000)
  from space 30208K, 99% used [0x00000000eda80000,0x00000000ef7fc960,0x00000000ef800000)
  to   space 36352K, 0% used [0x00000000eb700000,0x00000000eb700000,0x00000000eda80000)
 ParOldGen       total 209920K, used 47219K [0x00000000a0000000, 0x00000000acd00000, 0x00000000e0000000)
  object space 209920K, 22% used [0x00000000a0000000,0x00000000a2e1cdf0,0x00000000acd00000)
 Metaspace       used 78300K, capacity 81146K, committed 81304K, reserved 1120256K
  class space    used 10144K, capacity 10806K, committed 10920K, reserved 1048576K
GC Heap History (10 events):
Event: 74.786 GC heap before
{Heap before GC invocations=15 (full 3):
 PSYoungGen      total 126464K, used 110080K [0x00000000e0000000, 0x00000000eaa80000, 0x0000000100000000)
  eden space 110080K, 100% used [0x00000000e0000000,0x00000000e6b80000,0x00000000e6b80000)
  from space 16384K, 0% used [0x00000000e6b80000,0x00000000e6b80000,0x00000000e7b80000)
  to   space 18944K, 0% used [0x00000000e9800000,0x00000000e9800000,0x00000000eaa80000)
 ParOldGen       total 209920K, used 33189K [0x00000000a0000000, 0x00000000acd00000, 0x00000000e0000000)
  object space 209920K, 15% used [0x00000000a0000000,0x00000000a20696b0,0x00000000acd00000)
 Metaspace       used 63524K, capacity 65418K, committed 65560K, reserved 1105920K
  class space    used 8490K, capacity 8936K, committed 9000K, reserved 1048576K
Event: 74.822 GC heap after
Heap after GC invocations=15 (full 3):
 PSYoungGen      total 145408K, used 10876K [0x00000000e0000000, 0x00000000ea500000, 0x0000000100000000)
  eden space 132096K, 0% used [0x00000000e0000000,0x00000000e0000000,0x00000000e8100000)
  from space 13312K, 81% used [0x00000000e9800000,0x00000000ea29f1c0,0x00000000ea500000)
  to   space 18432K, 0% used [0x00000000e8100000,0x00000000e8100000,0x00000000e9300000)
 ParOldGen       total 209920K, used 33197K [0x00000000a0000000, 0x00000000acd00000, 0x00000000e0000000)
  object space 209920K, 15% used [0x00000000a0000000,0x00000000a206b6b0,0x00000000acd00000)
 Metaspace       used 63524K, capacity 65418K, committed 65560K, reserved 1105920K
  class space    used 8490K, capacity 8936K, committed 9000K, reserved 1048576K
}
Event: 82.803 GC heap before
{Heap before GC invocations=16 (full 3):
 PSYoungGen      total 145408K, used 142972K [0x00000000e0000000, 0x00000000ea500000, 0x0000000100000000)
  eden space 132096K, 100% used [0x00000000e0000000,0x00000000e8100000,0x00000000e8100000)
  from space 13312K, 81% used [0x00000000e9800000,0x00000000ea29f1c0,0x00000000ea500000)
  to   space 18432K, 0% used [0x00000000e8100000,0x00000000e8100000,0x00000000e9300000)
 ParOldGen       total 209920K, used 33197K [0x00000000a0000000, 0x00000000acd00000, 0x00000000e0000000)
  object space 209920K, 15% used [0x00000000a0000000,0x00000000a206b6b0,0x00000000acd00000)
 Metaspace       used 66064K, capacity 68060K, committed 68248K, reserved 1107968K
  class space    used 8889K, capacity 9348K, committed 9384K, reserved 1048576K
Event: 83.076 GC heap after
Heap after GC invocations=16 (full 3):
 PSYoungGen      total 150528K, used 18404K [0x00000000e0000000, 0x00000000ecb00000, 0x0000000100000000)
  eden space 132096K, 0% used [0x00000000e0000000,0x00000000e0000000,0x00000000e8100000)
  from space 18432K, 99% used [0x00000000e8100000,0x00000000e92f9198,0x00000000e9300000)
  to   space 20480K, 0% used [0x00000000eb700000,0x00000000eb700000,0x00000000ecb00000)
 ParOldGen       total 209920K, used 33687K [0x00000000a0000000, 0x00000000acd00000, 0x00000000e0000000)
  object space 209920K, 16% used [0x00000000a0000000,0x00000000a20e5c48,0x00000000acd00000)
 Metaspace       used 66064K, capacity 68060K, committed 68248K, reserved 1107968K
  class space    used 8889K, capacity 9348K, committed 9384K, reserved 1048576K
}
Event: 113.356 GC heap before
{Heap before GC invocations=17 (full 3):
 PSYoungGen      total 150528K, used 150500K [0x00000000e0000000, 0x00000000ecb00000, 0x0000000100000000)
  eden space 132096K, 100% used [0x00000000e0000000,0x00000000e8100000,0x00000000e8100000)
  from space 18432K, 99% used [0x00000000e8100000,0x00000000e92f9198,0x00000000e9300000)
  to   space 20480K, 0% used [0x00000000eb700000,0x00000000eb700000,0x00000000ecb00000)
 ParOldGen       total 209920K, used 33687K [0x00000000a0000000, 0x00000000acd00000, 0x00000000e0000000)
  object space 209920K, 16% used [0x00000000a0000000,0x00000000a20e5c48,0x00000000acd00000)
 Metaspace       used 71697K, capacity 73992K, committed 74136K, reserved 1114112K
  class space    used 9558K, capacity 10133K, committed 10152K, reserved 1048576K
Event: 113.488 GC heap after
Heap after GC invocations=17 (full 3):
 PSYoungGen      total 181760K, used 20477K [0x00000000e0000000, 0x00000000ed200000, 0x0000000100000000)
  eden space 161280K, 0% used [0x00000000e0000000,0x00000000e0000000,0x00000000e9d80000)
  from space 20480K, 99% used [0x00000000eb700000,0x00000000ecaff660,0x00000000ecb00000)
  to   space 26112K, 0% used [0x00000000e9d80000,0x00000000e9d80000,0x00000000eb700000)
 ParOldGen       total 209920K, used 41407K [0x00000000a0000000, 0x00000000acd00000, 0x00000000e0000000)
  object space 209920K, 19% used [0x00000000a0000000,0x00000000a286ff10,0x00000000acd00000)
 Metaspace       used 71697K, capacity 73992K, committed 74136K, reserved 1114112K
  class space    used 9558K, capacity 10133K, committed 10152K, reserved 1048576K
}
Event: 198.026 GC heap before
{Heap before GC invocations=18 (full 3):
 PSYoungGen      total 181760K, used 181757K [0x00000000e0000000, 0x00000000ed200000, 0x0000000100000000)
  eden space 161280K, 100% used [0x00000000e0000000,0x00000000e9d80000,0x00000000e9d80000)
  from space 20480K, 99% used [0x00000000eb700000,0x00000000ecaff660,0x00000000ecb00000)
  to   space 26112K, 0% used [0x00000000e9d80000,0x00000000e9d80000,0x00000000eb700000)
 ParOldGen       total 209920K, used 41407K [0x00000000a0000000, 0x00000000acd00000, 0x00000000e0000000)
  object space 209920K, 19% used [0x00000000a0000000,0x00000000a286ff10,0x00000000acd00000)
 Metaspace       used 72941K, capacity 75372K, committed 75544K, reserved 1114112K
  class space    used 9647K, capacity 10233K, committed 10280K, reserved 1048576K
Event: 198.183 GC heap after
Heap after GC invocations=18 (full 3):
 PSYoungGen      total 187392K, used 26109K [0x00000000e0000000, 0x00000000ef800000, 0x0000000100000000)
  eden space 161280K, 0% used [0x00000000e0000000,0x00000000e0000000,0x00000000e9d80000)
  from space 26112K, 99% used [0x00000000e9d80000,0x00000000eb6ff640,0x00000000eb700000)
  to   space 30208K, 0% used [0x00000000eda80000,0x00000000eda80000,0x00000000ef800000)
 ParOldGen       total 209920K, used 42828K [0x00000000a0000000, 0x00000000acd00000, 0x00000000e0000000)
  object space 209920K, 20% used [0x00000000a0000000,0x00000000a29d3120,0x00000000acd00000)
 Metaspace       used 72941K, capacity 75372K, committed 75544K, reserved 1114112K
  class space    used 9647K, capacity 10233K, committed 10280K, reserved 1048576K
}
Event: 266.612 GC heap before
{Heap before GC invocations=19 (full 3):
 PSYoungGen      total 187392K, used 187389K [0x00000000e0000000, 0x00000000ef800000, 0x0000000100000000)
  eden space 161280K, 100% used [0x00000000e0000000,0x00000000e9d80000,0x00000000e9d80000)
  from space 26112K, 99% used [0x00000000e9d80000,0x00000000eb6ff640,0x00000000eb700000)
  to   space 30208K, 0% used [0x00000000eda80000,0x00000000eda80000,0x00000000ef800000)
 ParOldGen       total 209920K, used 42828K [0x00000000a0000000, 0x00000000acd00000, 0x00000000e0000000)
  object space 209920K, 20% used [0x00000000a0000000,0x00000000a29d3120,0x00000000acd00000)
 Metaspace       used 77528K, capacity 80250K, committed 80408K, reserved 1118208K
  class space    used 10040K, capacity 10680K, committed 10792K, reserved 1048576K
Event: 266.756 GC heap after
Heap after GC invocations=19 (full 3):
 PSYoungGen      total 217600K, used 30194K [0x00000000e0000000, 0x00000000eff80000, 0x0000000100000000)
  eden space 187392K, 0% used [0x00000000e0000000,0x00000000e0000000,0x00000000eb700000)
  from space 30208K, 99% used [0x00000000eda80000,0x00000000ef7fc960,0x00000000ef800000)
  to   space 36352K, 0% used [0x00000000eb700000,0x00000000eb700000,0x00000000eda80000)
 ParOldGen       total 209920K, used 47219K [0x00000000a0000000, 0x00000000acd00000, 0x00000000e0000000)
  object space 209920K, 22% used [0x00000000a0000000,0x00000000a2e1cdf0,0x00000000acd00000)
 Metaspace       used 77528K, capacity 80250K, committed 80408K, reserved 1118208K
  class space    used 10040K, capacity 10680K, committed 10792K, reserved 1048576K
}

