# JRE version: OpenJDK Runtime Environment (8.0_152-b01) (build 1.8.0_152-release-1343-b01)
# Java VM: OpenJDK 64-Bit Server VM (25.152-b01 mixed mode windows-amd64 compressed oops)
Heap:
 PSYoungGen      total 226816K, used 95423K [0x00000000e0000000, 0x00000000f2100000, 0x0000000100000000)
  eden space 193024K, 31% used [0x00000000e0000000,0x00000000e3c35148,0x00000000ebc80000)
  from space 33792K, 99% used [0x00000000ee500000,0x00000000f05fad90,0x00000000f0600000)
  to   space 41472K, 0% used [0x00000000ebc80000,0x00000000ebc80000,0x00000000ee500000)
 ParOldGen       total 222720K, used 54566K [0x00000000a0000000, 0x00000000ad980000, 0x00000000e0000000)
  object space 222720K, 24% used [0x00000000a0000000,0x00000000a3549a30,0x00000000ad980000)
 Metaspace       used 74053K, capacity 76752K, committed 77056K, reserved 1116160K
  class space    used 9774K, capacity 10389K, committed 10496K, reserved 1048576K
GC Heap History (10 events):
Event: 100.380 GC heap before
{Heap before GC invocations=15 (full 3):
 PSYoungGen      total 139264K, used 121344K [0x00000000e0000000, 0x00000000eb080000, 0x0000000100000000)
  eden space 121344K, 100% used [0x00000000e0000000,0x00000000e7680000,0x00000000e7680000)
  from space 17920K, 0% used [0x00000000e7680000,0x00000000e7680000,0x00000000e8800000)
  to   space 19456K, 0% used [0x00000000e9d80000,0x00000000e9d80000,0x00000000eb080000)
 ParOldGen       total 222720K, used 31619K [0x00000000a0000000, 0x00000000ad980000, 0x00000000e0000000)
  object space 222720K, 14% used [0x00000000a0000000,0x00000000a1ee0ff0,0x00000000ad980000)
 Metaspace       used 64098K, capacity 66020K, committed 66176K, reserved 1105920K
  class space    used 8580K, capacity 9015K, committed 9088K, reserved 1048576K
Event: 100.428 GC heap after
Heap after GC invocations=15 (full 3):
 PSYoungGen      total 154112K, used 11960K [0x00000000e0000000, 0x00000000eac80000, 0x0000000100000000)
  eden space 138752K, 0% used [0x00000000e0000000,0x00000000e0000000,0x00000000e8780000)
  from space 15360K, 77% used [0x00000000e9d80000,0x00000000ea92e0a8,0x00000000eac80000)
  to   space 18944K, 0% used [0x00000000e8780000,0x00000000e8780000,0x00000000e9a00000)
 ParOldGen       total 222720K, used 31627K [0x00000000a0000000, 0x00000000ad980000, 0x00000000e0000000)
  object space 222720K, 14% used [0x00000000a0000000,0x00000000a1ee2ff0,0x00000000ad980000)
 Metaspace       used 64098K, capacity 66020K, committed 66176K, reserved 1105920K
  class space    used 8580K, capacity 9015K, committed 9088K, reserved 1048576K
}
Event: 105.743 GC heap before
{Heap before GC invocations=16 (full 3):
 PSYoungGen      total 154112K, used 150712K [0x00000000e0000000, 0x00000000eac80000, 0x0000000100000000)
  eden space 138752K, 100% used [0x00000000e0000000,0x00000000e8780000,0x00000000e8780000)
  from space 15360K, 77% used [0x00000000e9d80000,0x00000000ea92e0a8,0x00000000eac80000)
  to   space 18944K, 0% used [0x00000000e8780000,0x00000000e8780000,0x00000000e9a00000)
 ParOldGen       total 222720K, used 31627K [0x00000000a0000000, 0x00000000ad980000, 0x00000000e0000000)
  object space 222720K, 14% used [0x00000000a0000000,0x00000000a1ee2ff0,0x00000000ad980000)
 Metaspace       used 65935K, capacity 67988K, committed 68352K, reserved 1107968K
  class space    used 8869K, capacity 9348K, committed 9472K, reserved 1048576K
Event: 105.949 GC heap after
Heap after GC invocations=16 (full 3):
 PSYoungGen      total 157696K, used 18920K [0x00000000e0000000, 0x00000000ed000000, 0x0000000100000000)
  eden space 138752K, 0% used [0x00000000e0000000,0x00000000e0000000,0x00000000e8780000)
  from space 18944K, 99% used [0x00000000e8780000,0x00000000e99fa030,0x00000000e9a00000)
  to   space 21504K, 0% used [0x00000000ebb00000,0x00000000ebb00000,0x00000000ed000000)
 ParOldGen       total 222720K, used 32557K [0x00000000a0000000, 0x00000000ad980000, 0x00000000e0000000)
  object space 222720K, 14% used [0x00000000a0000000,0x00000000a1fcb520,0x00000000ad980000)
 Metaspace       used 65935K, capacity 67988K, committed 68352K, reserved 1107968K
  class space    used 8869K, capacity 9348K, committed 9472K, reserved 1048576K
}
Event: 123.411 GC heap before
{Heap before GC invocations=17 (full 3):
 PSYoungGen      total 157696K, used 157669K [0x00000000e0000000, 0x00000000ed000000, 0x0000000100000000)
  eden space 138752K, 99% used [0x00000000e0000000,0x00000000e877f6b8,0x00000000e8780000)
  from space 18944K, 99% used [0x00000000e8780000,0x00000000e99fa030,0x00000000e9a00000)
  to   space 21504K, 0% used [0x00000000ebb00000,0x00000000ebb00000,0x00000000ed000000)
 ParOldGen       total 222720K, used 32557K [0x00000000a0000000, 0x00000000ad980000, 0x00000000e0000000)
  object space 222720K, 14% used [0x00000000a0000000,0x00000000a1fcb520,0x00000000ad980000)
 Metaspace       used 71136K, capacity 73506K, committed 73600K, reserved 1112064K
  class space    used 9509K, capacity 10066K, committed 10112K, reserved 1048576K
Event: 123.775 GC heap after
Heap after GC invocations=17 (full 3):
 PSYoungGen      total 184832K, used 21483K [0x00000000e0000000, 0x00000000ede80000, 0x0000000100000000)
  eden space 163328K, 0% used [0x00000000e0000000,0x00000000e0000000,0x00000000e9f80000)
  from space 21504K, 99% used [0x00000000ebb00000,0x00000000ecffafb0,0x00000000ed000000)
  to   space 28160K, 0% used [0x00000000e9f80000,0x00000000e9f80000,0x00000000ebb00000)
 ParOldGen       total 222720K, used 42098K [0x00000000a0000000, 0x00000000ad980000, 0x00000000e0000000)
  object space 222720K, 18% used [0x00000000a0000000,0x00000000a291cbf8,0x00000000ad980000)
 Metaspace       used 71136K, capacity 73506K, committed 73600K, reserved 1112064K
  class space    used 9509K, capacity 10066K, committed 10112K, reserved 1048576K
}
Event: 146.319 GC heap before
{Heap before GC invocations=18 (full 3):
 PSYoungGen      total 184832K, used 184811K [0x00000000e0000000, 0x00000000ede80000, 0x0000000100000000)
  eden space 163328K, 100% used [0x00000000e0000000,0x00000000e9f80000,0x00000000e9f80000)
  from space 21504K, 99% used [0x00000000ebb00000,0x00000000ecffafb0,0x00000000ed000000)
  to   space 28160K, 0% used [0x00000000e9f80000,0x00000000e9f80000,0x00000000ebb00000)
 ParOldGen       total 222720K, used 42098K [0x00000000a0000000, 0x00000000ad980000, 0x00000000e0000000)
  object space 222720K, 18% used [0x00000000a0000000,0x00000000a291cbf8,0x00000000ad980000)
 Metaspace       used 72739K, capacity 75108K, committed 75264K, reserved 1114112K
  class space    used 9605K, capacity 10159K, committed 10240K, reserved 1048576K
Event: 146.642 GC heap after
Heap after GC invocations=18 (full 3):
 PSYoungGen      total 191488K, used 28130K [0x00000000e0000000, 0x00000000f0600000, 0x0000000100000000)
  eden space 163328K, 0% used [0x00000000e0000000,0x00000000e0000000,0x00000000e9f80000)
  from space 28160K, 99% used [0x00000000e9f80000,0x00000000ebaf8958,0x00000000ebb00000)
  to   space 33792K, 0% used [0x00000000ee500000,0x00000000ee500000,0x00000000f0600000)
 ParOldGen       total 222720K, used 47316K [0x00000000a0000000, 0x00000000ad980000, 0x00000000e0000000)
  object space 222720K, 21% used [0x00000000a0000000,0x00000000a2e35310,0x00000000ad980000)
 Metaspace       used 72739K, capacity 75108K, committed 75264K, reserved 1114112K
  class space    used 9605K, capacity 10159K, committed 10240K, reserved 1048576K
}
Event: 151.078 GC heap before
{Heap before GC invocations=19 (full 3):
 PSYoungGen      total 191488K, used 191458K [0x00000000e0000000, 0x00000000f0600000, 0x0000000100000000)
  eden space 163328K, 100% used [0x00000000e0000000,0x00000000e9f80000,0x00000000e9f80000)
  from space 28160K, 99% used [0x00000000e9f80000,0x00000000ebaf8958,0x00000000ebb00000)
  to   space 33792K, 0% used [0x00000000ee500000,0x00000000ee500000,0x00000000f0600000)
 ParOldGen       total 222720K, used 47316K [0x00000000a0000000, 0x00000000ad980000, 0x00000000e0000000)
  object space 222720K, 21% used [0x00000000a0000000,0x00000000a2e35310,0x00000000ad980000)
 Metaspace       used 72760K, capacity 75204K, committed 75264K, reserved 1114112K
  class space    used 9607K, capacity 10191K, committed 10240K, reserved 1048576K
Event: 151.347 GC heap after
Heap after GC invocations=19 (full 3):
 PSYoungGen      total 226816K, used 33771K [0x00000000e0000000, 0x00000000f2100000, 0x0000000100000000)
  eden space 193024K, 0% used [0x00000000e0000000,0x00000000e0000000,0x00000000ebc80000)
  from space 33792K, 99% used [0x00000000ee500000,0x00000000f05fad90,0x00000000f0600000)
  to   space 41472K, 0% used [0x00000000ebc80000,0x00000000ebc80000,0x00000000ee500000)
 ParOldGen       total 222720K, used 54566K [0x00000000a0000000, 0x00000000ad980000, 0x00000000e0000000)
  object space 222720K, 24% used [0x00000000a0000000,0x00000000a3549a30,0x00000000ad980000)
 Metaspace       used 72760K, capacity 75204K, committed 75264K, reserved 1114112K
  class space    used 9607K, capacity 10191K, committed 10240K, reserved 1048576K
}

