# JRE version: OpenJDK Runtime Environment (8.0_152-b01) (build 1.8.0_152-release-1343-b01)
# Java VM: OpenJDK 64-Bit Server VM (25.152-b01 mixed mode windows-amd64 compressed oops)
Heap:
 PSYoungGen      total 419840K, used 338688K [0x00000000e0000000, 0x00000000ffc80000, 0x0000000100000000)
  eden space 353792K, 93% used [0x00000000e0000000,0x00000000f43bdf30,0x00000000f5980000)
  from space 66048K, 10% used [0x00000000f5980000,0x00000000f60822c8,0x00000000f9a00000)
  to   space 65024K, 0% used [0x00000000fbd00000,0x00000000fbd00000,0x00000000ffc80000)
 ParOldGen       total 284160K, used 104506K [0x00000000a0000000, 0x00000000b1580000, 0x00000000e0000000)
  object space 284160K, 36% used [0x00000000a0000000,0x00000000a660eab8,0x00000000b1580000)
 Metaspace       used 130386K, capacity 135316K, committed 135592K, reserved 1167360K
  class space    used 15787K, capacity 16729K, committed 16808K, reserved 1048576K
GC Heap History (10 events):
Event: 6697.581 GC heap before
{Heap before GC invocations=25 (full 4):
 PSYoungGen      total 444416K, used 392311K [0x00000000e0000000, 0x00000000ff980000, 0x0000000100000000)
  eden space 380416K, 100% used [0x00000000e0000000,0x00000000f7380000,0x00000000f7380000)
  from space 64000K, 18% used [0x00000000fbb00000,0x00000000fc69dd10,0x00000000ff980000)
  to   space 68608K, 0% used [0x00000000f7380000,0x00000000f7380000,0x00000000fb680000)
 ParOldGen       total 284160K, used 80395K [0x00000000a0000000, 0x00000000b1580000, 0x00000000e0000000)
  object space 284160K, 28% used [0x00000000a0000000,0x00000000a4e82db0,0x00000000b1580000)
 Metaspace       used 101455K, capacity 105542K, committed 105768K, reserved 1140736K
  class space    used 12646K, capacity 13474K, committed 13608K, reserved 1048576K
Event: 6697.709 GC heap after
Heap after GC invocations=25 (full 4):
 PSYoungGen      total 374272K, used 6212K [0x00000000e0000000, 0x00000000feb00000, 0x0000000100000000)
  eden space 367616K, 0% used [0x00000000e0000000,0x00000000e0000000,0x00000000f6700000)
  from space 6656K, 93% used [0x00000000f7380000,0x00000000f79913e0,0x00000000f7a00000)
  to   space 67584K, 0% used [0x00000000fa900000,0x00000000fa900000,0x00000000feb00000)
 ParOldGen       total 284160K, used 85647K [0x00000000a0000000, 0x00000000b1580000, 0x00000000e0000000)
  object space 284160K, 30% used [0x00000000a0000000,0x00000000a53a3e10,0x00000000b1580000)
 Metaspace       used 101455K, capacity 105542K, committed 105768K, reserved 1140736K
  class space    used 12646K, capacity 13474K, committed 13608K, reserved 1048576K
}
Event: 6717.526 GC heap before
{Heap before GC invocations=26 (full 4):
 PSYoungGen      total 374272K, used 373828K [0x00000000e0000000, 0x00000000feb00000, 0x0000000100000000)
  eden space 367616K, 100% used [0x00000000e0000000,0x00000000f6700000,0x00000000f6700000)
  from space 6656K, 93% used [0x00000000f7380000,0x00000000f79913e0,0x00000000f7a00000)
  to   space 67584K, 0% used [0x00000000fa900000,0x00000000fa900000,0x00000000feb00000)
 ParOldGen       total 284160K, used 85647K [0x00000000a0000000, 0x00000000b1580000, 0x00000000e0000000)
  object space 284160K, 30% used [0x00000000a0000000,0x00000000a53a3e10,0x00000000b1580000)
 Metaspace       used 108507K, capacity 112506K, committed 112680K, reserved 1146880K
  class space    used 13491K, capacity 14282K, committed 14376K, reserved 1048576K
Event: 6717.836 GC heap after
Heap after GC invocations=26 (full 4):
 PSYoungGen      total 431616K, used 44996K [0x00000000e0000000, 0x0000000100000000, 0x0000000100000000)
  eden space 364032K, 0% used [0x00000000e0000000,0x00000000e0000000,0x00000000f6380000)
  from space 67584K, 66% used [0x00000000fa900000,0x00000000fd4f10a8,0x00000000feb00000)
  to   space 71168K, 0% used [0x00000000f6380000,0x00000000f6380000,0x00000000fa900000)
 ParOldGen       total 284160K, used 89180K [0x00000000a0000000, 0x00000000b1580000, 0x00000000e0000000)
  object space 284160K, 31% used [0x00000000a0000000,0x00000000a5717218,0x00000000b1580000)
 Metaspace       used 108507K, capacity 112506K, committed 112680K, reserved 1146880K
  class space    used 13491K, capacity 14282K, committed 14376K, reserved 1048576K
}
Event: 6773.808 GC heap before
{Heap before GC invocations=27 (full 4):
 PSYoungGen      total 431616K, used 409028K [0x00000000e0000000, 0x0000000100000000, 0x0000000100000000)
  eden space 364032K, 100% used [0x00000000e0000000,0x00000000f6380000,0x00000000f6380000)
  from space 67584K, 66% used [0x00000000fa900000,0x00000000fd4f10a8,0x00000000feb00000)
  to   space 71168K, 0% used [0x00000000f6380000,0x00000000f6380000,0x00000000fa900000)
 ParOldGen       total 284160K, used 89180K [0x00000000a0000000, 0x00000000b1580000, 0x00000000e0000000)
  object space 284160K, 31% used [0x00000000a0000000,0x00000000a5717218,0x00000000b1580000)
 Metaspace       used 119915K, capacity 124122K, committed 124328K, reserved 1159168K
  class space    used 14575K, capacity 15406K, committed 15528K, reserved 1048576K
Event: 6773.884 GC heap after
Heap after GC invocations=27 (full 4):
 PSYoungGen      total 373248K, used 20508K [0x00000000e0000000, 0x00000000fdc00000, 0x0000000100000000)
  eden space 352256K, 0% used [0x00000000e0000000,0x00000000e0000000,0x00000000f5800000)
  from space 20992K, 97% used [0x00000000f6380000,0x00000000f7787258,0x00000000f7800000)
  to   space 67584K, 0% used [0x00000000f9a00000,0x00000000f9a00000,0x00000000fdc00000)
 ParOldGen       total 284160K, used 93537K [0x00000000a0000000, 0x00000000b1580000, 0x00000000e0000000)
  object space 284160K, 32% used [0x00000000a0000000,0x00000000a5b584e8,0x00000000b1580000)
 Metaspace       used 119915K, capacity 124122K, committed 124328K, reserved 1159168K
  class space    used 14575K, capacity 15406K, committed 15528K, reserved 1048576K
}
Event: 6798.064 GC heap before
{Heap before GC invocations=28 (full 4):
 PSYoungGen      total 373248K, used 372764K [0x00000000e0000000, 0x00000000fdc00000, 0x0000000100000000)
  eden space 352256K, 100% used [0x00000000e0000000,0x00000000f5800000,0x00000000f5800000)
  from space 20992K, 97% used [0x00000000f6380000,0x00000000f7787258,0x00000000f7800000)
  to   space 67584K, 0% used [0x00000000f9a00000,0x00000000f9a00000,0x00000000fdc00000)
 ParOldGen       total 284160K, used 93537K [0x00000000a0000000, 0x00000000b1580000, 0x00000000e0000000)
  object space 284160K, 32% used [0x00000000a0000000,0x00000000a5b584e8,0x00000000b1580000)
 Metaspace       used 129802K, capacity 134652K, committed 134824K, reserved 1167360K
  class space    used 15739K, capacity 16685K, committed 16808K, reserved 1048576K
Event: 6798.485 GC heap after
Heap after GC invocations=28 (full 4):
 PSYoungGen      total 421376K, used 32123K [0x00000000e0000000, 0x0000000100000000, 0x0000000100000000)
  eden space 353792K, 0% used [0x00000000e0000000,0x00000000e0000000,0x00000000f5980000)
  from space 67584K, 47% used [0x00000000f9a00000,0x00000000fb95ed88,0x00000000fdc00000)
  to   space 66048K, 0% used [0x00000000f5980000,0x00000000f5980000,0x00000000f9a00000)
 ParOldGen       total 284160K, used 93537K [0x00000000a0000000, 0x00000000b1580000, 0x00000000e0000000)
  object space 284160K, 32% used [0x00000000a0000000,0x00000000a5b584e8,0x00000000b1580000)
 Metaspace       used 129802K, capacity 134652K, committed 134824K, reserved 1167360K
  class space    used 15739K, capacity 16685K, committed 16808K, reserved 1048576K
}
Event: 6815.242 GC heap before
{Heap before GC invocations=29 (full 4):
 PSYoungGen      total 421376K, used 385915K [0x00000000e0000000, 0x0000000100000000, 0x0000000100000000)
  eden space 353792K, 100% used [0x00000000e0000000,0x00000000f5980000,0x00000000f5980000)
  from space 67584K, 47% used [0x00000000f9a00000,0x00000000fb95ed88,0x00000000fdc00000)
  to   space 66048K, 0% used [0x00000000f5980000,0x00000000f5980000,0x00000000f9a00000)
 ParOldGen       total 284160K, used 93537K [0x00000000a0000000, 0x00000000b1580000, 0x00000000e0000000)
  object space 284160K, 32% used [0x00000000a0000000,0x00000000a5b584e8,0x00000000b1580000)
 Metaspace       used 130261K, capacity 135224K, committed 135336K, reserved 1167360K
  class space    used 15779K, capacity 16727K, committed 16808K, reserved 1048576K
Event: 6815.540 GC heap after
Heap after GC invocations=29 (full 4):
 PSYoungGen      total 419840K, used 7176K [0x00000000e0000000, 0x00000000ffc80000, 0x0000000100000000)
  eden space 353792K, 0% used [0x00000000e0000000,0x00000000e0000000,0x00000000f5980000)
  from space 66048K, 10% used [0x00000000f5980000,0x00000000f60822c8,0x00000000f9a00000)
  to   space 65024K, 0% used [0x00000000fbd00000,0x00000000fbd00000,0x00000000ffc80000)
 ParOldGen       total 284160K, used 104506K [0x00000000a0000000, 0x00000000b1580000, 0x00000000e0000000)
  object space 284160K, 36% used [0x00000000a0000000,0x00000000a660eab8,0x00000000b1580000)
 Metaspace       used 130261K, capacity 135224K, committed 135336K, reserved 1167360K
  class space    used 15779K, capacity 16727K, committed 16808K, reserved 1048576K
}

